Using pre-set license
Built from '6000.0/release' branch; Version is '6000.0.29f1 (9fafe5c9db65) revision 10465253'; Using compiler version '193933523'; Build Type 'Release'
OS: 'Windows 11  (10.0.26100) 64bit CoreSingleLanguage' Language: 'en' Physical Memory: 16051 MB
BatchMode: 1, IsHumanControllingUs: 0, StartBugReporterOnCrash: 0, Is64bit: 1, IsPro: 1

COMMAND LINE ARGUMENTS:
C:\Program Files\Unity\Hub\Editor\6000.0.29f1\Editor\Unity.exe
-adb2
-batchMode
-noUpm
-name
AssetImportWorker0
-projectPath
D:/Unity Projects/2D Piano Visulaizer
-logFile
Logs/AssetImportWorker0.log
-srvPort
62854
-job-worker-count
7
-background-job-worker-count
8
-asset-garbage-collectors
1
Successfully changed project path to: D:/Unity Projects/2D Piano Visulaizer
D:/Unity Projects/2D Piano Visulaizer
[UnityMemory] Configuration Parameters - Can be set up in boot.config
    "memorysetup-bucket-allocator-granularity=16"
    "memorysetup-bucket-allocator-bucket-count=8"
    "memorysetup-bucket-allocator-block-size=33554432"
    "memorysetup-bucket-allocator-block-count=8"
    "memorysetup-main-allocator-block-size=16777216"
    "memorysetup-thread-allocator-block-size=16777216"
    "memorysetup-gfx-main-allocator-block-size=16777216"
    "memorysetup-gfx-thread-allocator-block-size=16777216"
    "memorysetup-cache-allocator-block-size=4194304"
    "memorysetup-typetree-allocator-block-size=2097152"
    "memorysetup-profiler-bucket-allocator-granularity=16"
    "memorysetup-profiler-bucket-allocator-bucket-count=8"
    "memorysetup-profiler-bucket-allocator-block-size=33554432"
    "memorysetup-profiler-bucket-allocator-block-count=8"
    "memorysetup-profiler-allocator-block-size=16777216"
    "memorysetup-profiler-editor-allocator-block-size=1048576"
    "memorysetup-temp-allocator-size-main=16777216"
    "memorysetup-job-temp-allocator-block-size=2097152"
    "memorysetup-job-temp-allocator-block-size-background=1048576"
    "memorysetup-job-temp-allocator-reduction-small-platforms=262144"
    "memorysetup-allocator-temp-initial-block-size-main=262144"
    "memorysetup-allocator-temp-initial-block-size-worker=262144"
    "memorysetup-temp-allocator-size-background-worker=32768"
    "memorysetup-temp-allocator-size-job-worker=262144"
    "memorysetup-temp-allocator-size-preload-manager=33554432"
    "memorysetup-temp-allocator-size-nav-mesh-worker=65536"
    "memorysetup-temp-allocator-size-audio-worker=65536"
    "memorysetup-temp-allocator-size-cloud-worker=32768"
    "memorysetup-temp-allocator-size-gi-baking-worker=262144"
    "memorysetup-temp-allocator-size-gi-baking-worker=262144"
    "memorysetup-temp-allocator-size-gi-baking-worker=262144"
    "memorysetup-temp-allocator-size-gi-baking-worker=262144"
    "memorysetup-temp-allocator-size-gi-baking-worker=262144"
    "memorysetup-temp-allocator-size-gfx=262144"
Player connection [17388]  Target information:

Player connection [17388]  * "[IP] 192.168.29.53 [Port] 0 [Flags] 2 [Guid] 3097220801 [EditorId] 3097220801 [Version] 1048832 [Id] WindowsEditor(7,LAPTOP-5SK2Q3SF) [Debug] 1 [PackageName] WindowsEditor [ProjectName] Editor" 

Player connection [17388]  * "[IP] 192.168.137.1 [Port] 0 [Flags] 2 [Guid] 3097220801 [EditorId] 3097220801 [Version] 1048832 [Id] WindowsEditor(7,LAPTOP-5SK2Q3SF) [Debug] 1 [PackageName] WindowsEditor [ProjectName] Editor" 

Player connection [17388] Host joined multi-casting on [225.0.0.222:54997]...
Player connection [17388] Host joined alternative multi-casting on [225.0.0.222:34997]...
JobSystem: Creating JobQueue using job-worker-count value 7
[Physics::Module] Initialized fallback backend.
[Physics::Module] Id: 0xdecafbad
Library Redirect Path: Library/
[Physics::Module] Selected backend.
[Physics::Module] Name: PhysX
[Physics::Module] Id: 0xf2b8ea05
[Physics::Module] SDK Version: 4.1.2
[Physics::Module] Integration Version: 1.0.0
[Physics::Module] Threading Mode: Multi-Threaded
Refreshing native plugins compatible for Editor in 3.02 ms, found 4 plugins.
Preloading 0 native plugins for Editor in 0.00 ms.
Initialize engine version: 6000.0.29f1 (9fafe5c9db65)
[Subsystems] Discovering subsystems at path C:/Program Files/Unity/Hub/Editor/6000.0.29f1/Editor/Data/Resources/UnitySubsystems
[Subsystems] Discovering subsystems at path D:/Unity Projects/2D Piano Visulaizer/Assets
GfxDevice: creating device client; kGfxThreadingModeNonThreaded
Direct3D:
    Version:  Direct3D 11.0 [level 11.1]
    Renderer: NVIDIA GeForce RTX 3050 Laptop GPU (ID=0x25a2)
    Vendor:   NVIDIA
    VRAM:     3964 MB
    Driver:   32.0.15.6119
Initialize mono
Mono path[0] = 'C:/Program Files/Unity/Hub/Editor/6000.0.29f1/Editor/Data/Managed'
Mono path[1] = 'C:/Program Files/Unity/Hub/Editor/6000.0.29f1/Editor/Data/MonoBleedingEdge/lib/mono/unityjit-win32'
Mono config path = 'C:/Program Files/Unity/Hub/Editor/6000.0.29f1/Editor/Data/MonoBleedingEdge/etc'
Using monoOptions --debugger-agent=transport=dt_socket,embedding=1,server=y,suspend=n,address=127.0.0.1:56628
Begin MonoManager ReloadAssembly
Registering precompiled unity dll's ...
Register platform support module: C:/Program Files/Unity/Hub/Editor/6000.0.29f1/Editor/Data/PlaybackEngines/WindowsStandaloneSupport/UnityEditor.WindowsStandalone.Extensions.dll
Register platform support module: C:/Program Files/Unity/Hub/Editor/6000.0.29f1/Editor/Data/PlaybackEngines/AndroidPlayer/UnityEditor.Android.Extensions.dll
Registered in 0.004080 seconds.
- Loaded All Assemblies, in  0.349 seconds
Native extension for Android target not found
Android Extension - Scanning For ADB Devices 212 ms
Native extension for WindowsStandalone target not found
Mono: successfully reloaded assembly
- Finished resetting the current domain, in  0.560 seconds
Domain Reload Profiling: 907ms
	BeginReloadAssembly (119ms)
		ExecutionOrderSort (0ms)
		DisableScriptedObjects (0ms)
		BackupInstance (0ms)
		ReleaseScriptingObjects (0ms)
		CreateAndSetChildDomain (1ms)
	RebuildCommonClasses (32ms)
	RebuildNativeTypeToScriptingClass (10ms)
	initialDomainReloadingComplete (46ms)
	LoadAllAssembliesAndSetupDomain (139ms)
		LoadAssemblies (116ms)
		RebuildTransferFunctionScriptingTraits (0ms)
		AnalyzeDomain (135ms)
			TypeCache.Refresh (134ms)
				TypeCache.ScanAssembly (122ms)
			BuildScriptInfoCaches (0ms)
			ResolveRequiredComponents (0ms)
	FinalizeReload (561ms)
		ReleaseScriptCaches (0ms)
		RebuildScriptCaches (0ms)
		SetupLoadedEditorAssemblies (520ms)
			LogAssemblyErrors (0ms)
			InitializePlatformSupportModulesInManaged (293ms)
			SetLoadedEditorAssemblies (3ms)
			BeforeProcessingInitializeOnLoad (6ms)
			ProcessInitializeOnLoadAttributes (147ms)
			ProcessInitializeOnLoadMethodAttributes (69ms)
			AfterProcessingInitializeOnLoad (3ms)
			EditorAssembliesLoaded (0ms)
		ExecutionOrderSort2 (0ms)
		AwakeInstancesAfterBackupRestoration (0ms)
========================================================================
Worker process is ready to serve import requests
Import Worker Mode flag is 0x00
Begin MonoManager ReloadAssembly
- Loaded All Assemblies, in  0.759 seconds
Refreshing native plugins compatible for Editor in 2.09 ms, found 4 plugins.
Native extension for Android target not found
Native extension for WindowsStandalone target not found
Refreshing native plugins compatible for Editor in 2.03 ms, found 4 plugins.
Mono: successfully reloaded assembly
- Finished resetting the current domain, in  0.714 seconds
Domain Reload Profiling: 1471ms
	BeginReloadAssembly (142ms)
		ExecutionOrderSort (0ms)
		DisableScriptedObjects (5ms)
		BackupInstance (0ms)
		ReleaseScriptingObjects (0ms)
		CreateAndSetChildDomain (25ms)
	RebuildCommonClasses (32ms)
	RebuildNativeTypeToScriptingClass (10ms)
	initialDomainReloadingComplete (35ms)
	LoadAllAssembliesAndSetupDomain (538ms)
		LoadAssemblies (340ms)
		RebuildTransferFunctionScriptingTraits (0ms)
		AnalyzeDomain (282ms)
			TypeCache.Refresh (204ms)
				TypeCache.ScanAssembly (185ms)
			BuildScriptInfoCaches (65ms)
			ResolveRequiredComponents (10ms)
	FinalizeReload (715ms)
		ReleaseScriptCaches (0ms)
		RebuildScriptCaches (0ms)
		SetupLoadedEditorAssemblies (585ms)
			LogAssemblyErrors (0ms)
			InitializePlatformSupportModulesInManaged (11ms)
			SetLoadedEditorAssemblies (5ms)
			BeforeProcessingInitializeOnLoad (71ms)
			ProcessInitializeOnLoadAttributes (407ms)
			ProcessInitializeOnLoadMethodAttributes (83ms)
			AfterProcessingInitializeOnLoad (8ms)
			EditorAssembliesLoaded (0ms)
		ExecutionOrderSort2 (0ms)
		AwakeInstancesAfterBackupRestoration (6ms)
Launched and connected shader compiler UnityShaderCompiler.exe after 0.01 seconds
Refreshing native plugins compatible for Editor in 3.22 ms, found 4 plugins.
Preloading 0 native plugins for Editor in 0.00 ms.
Unloading 220 Unused Serialized files (Serialized files now loaded: 0)
Unloading 6586 unused Assets / (4.4 MB). Loaded Objects now: 7274.
Memory consumption went from 183.3 MB to 178.9 MB.
Total: 7.891500 ms (FindLiveObjects: 0.566600 ms CreateObjectMapping: 0.514400 ms MarkObjects: 4.513900 ms  DeleteObjects: 2.295600 ms)

========================================================================
Received Import Request.
  Time since last request: 83413.911097 seconds.
  path: Assets/Prefabs/KeyBoardKeys/WhiteKey.prefab
  artifactKey: Guid(ad9cee91ecd2c034ab918a8f564043ed) Importer(815301076,1909f56bfc062723c751e8b465ee728b)
Start importing Assets/Prefabs/KeyBoardKeys/WhiteKey.prefab using Guid(ad9cee91ecd2c034ab918a8f564043ed) Importer(815301076,1909f56bfc062723c751e8b465ee728b) (PreviewImporter) -> (artifact id: 'bd305577248cf74cc1f71764e2a62e19') in 0.0351724 seconds
Number of updated asset objects reloaded before import = 0Number of asset objects unloaded after import = 9

========================================================================
Received Import Request.
  Time since last request: 12.075488 seconds.
  path: Assets/Prefabs/KeyBoardKeys/BlackKey.prefab
  artifactKey: Guid(30f179bcfc107e543879c5bdff026e68) Importer(815301076,1909f56bfc062723c751e8b465ee728b)
Start importing Assets/Prefabs/KeyBoardKeys/BlackKey.prefab using Guid(30f179bcfc107e543879c5bdff026e68) Importer(815301076,1909f56bfc062723c751e8b465ee728b) (PreviewImporter) -> (artifact id: '5865cfee98bd4bb5235abe83eed59678') in 0.0025858 seconds
Number of updated asset objects reloaded before import = 0Number of asset objects unloaded after import = 9

========================================================================
Received Import Request.
  Time since last request: 44.122522 seconds.
  path: Assets/Prefabs/KeyBoardKeys/BlackKey.prefab
  artifactKey: Guid(30f179bcfc107e543879c5bdff026e68) Importer(815301076,1909f56bfc062723c751e8b465ee728b)
Start importing Assets/Prefabs/KeyBoardKeys/BlackKey.prefab using Guid(30f179bcfc107e543879c5bdff026e68) Importer(815301076,1909f56bfc062723c751e8b465ee728b) (PreviewImporter) -> (artifact id: 'd163849dcaddae49e7797b5f932ff835') in 0.0031385 seconds
Number of updated asset objects reloaded before import = 0Number of asset objects unloaded after import = 9

========================================================================
Received Import Request.
  Time since last request: 2.872684 seconds.
  path: Assets/Prefabs/KeyBoardKeys/BlackKey.prefab
  artifactKey: Guid(30f179bcfc107e543879c5bdff026e68) Importer(815301076,1909f56bfc062723c751e8b465ee728b)
Start importing Assets/Prefabs/KeyBoardKeys/BlackKey.prefab using Guid(30f179bcfc107e543879c5bdff026e68) Importer(815301076,1909f56bfc062723c751e8b465ee728b) (PreviewImporter) -> (artifact id: '3a9c8719559b513500bc9dd2d8f1fd8b') in 0.0022423 seconds
Number of updated asset objects reloaded before import = 0Number of asset objects unloaded after import = 9

========================================================================
Received Import Request.
  Time since last request: 80.195970 seconds.
  path: Assets/KeyWave Assets/Import.png
  artifactKey: Guid(7155325dd84f20b4ab8dab1b9f6e1d32) Importer(815301076,1909f56bfc062723c751e8b465ee728b)
Start importing Assets/KeyWave Assets/Import.png using Guid(7155325dd84f20b4ab8dab1b9f6e1d32) Importer(815301076,1909f56bfc062723c751e8b465ee728b) (PreviewImporter) -> (artifact id: '01138a3aa996c8ee94df5cb9e4f06a07') in 0.1282855 seconds
Number of updated asset objects reloaded before import = 0Number of asset objects unloaded after import = 3

========================================================================
Received Import Request.
  Time since last request: 2.254465 seconds.
  path: Assets/KeyWave Assets/menubutton.png
  artifactKey: Guid(076d2a86d9b41e244b3ec3eacef2ad66) Importer(815301076,1909f56bfc062723c751e8b465ee728b)
Start importing Assets/KeyWave Assets/menubutton.png using Guid(076d2a86d9b41e244b3ec3eacef2ad66) Importer(815301076,1909f56bfc062723c751e8b465ee728b) (PreviewImporter) -> (artifact id: '51a2f0d1429e46b2014d383d9e9da3c3') in 0.0210551 seconds
Number of updated asset objects reloaded before import = 0Number of asset objects unloaded after import = 3

========================================================================
Received Import Request.
  Time since last request: 0.023616 seconds.
  path: Assets/KeyWave Assets/Midi Logo.png
  artifactKey: Guid(febe783e8996590478c6d51dd34d046d) Importer(815301076,1909f56bfc062723c751e8b465ee728b)
Start importing Assets/KeyWave Assets/Midi Logo.png using Guid(febe783e8996590478c6d51dd34d046d) Importer(815301076,1909f56bfc062723c751e8b465ee728b) (PreviewImporter) -> (artifact id: '443fe6cf461da6b7a2a7b960fb68ae95') in 0.018615 seconds
Number of updated asset objects reloaded before import = 0Number of asset objects unloaded after import = 3

========================================================================
Received Import Request.
  Time since last request: 0.344285 seconds.
  path: Assets/Plugin/UnityStandaloneFileBrowser-master/Images/sfb_linux.jpg
  artifactKey: Guid(d0b90fdcd5950f344b4a36272b09d061) Importer(815301076,1909f56bfc062723c751e8b465ee728b)
Start importing Assets/Plugin/UnityStandaloneFileBrowser-master/Images/sfb_linux.jpg using Guid(d0b90fdcd5950f344b4a36272b09d061) Importer(815301076,1909f56bfc062723c751e8b465ee728b) (PreviewImporter) -> (artifact id: 'c43b592f84a133818e4d1190a694c837') in 0.0293448 seconds
Number of updated asset objects reloaded before import = 0Number of asset objects unloaded after import = 3

========================================================================
Received Import Request.
  Time since last request: 0.342525 seconds.
  path: Assets/Plugin/UnityStandaloneFileBrowser-master/Images/sfb_mac.jpg
  artifactKey: Guid(050070d56e6ecb3459b957d48bed88c4) Importer(815301076,1909f56bfc062723c751e8b465ee728b)
Start importing Assets/Plugin/UnityStandaloneFileBrowser-master/Images/sfb_mac.jpg using Guid(050070d56e6ecb3459b957d48bed88c4) Importer(815301076,1909f56bfc062723c751e8b465ee728b) (PreviewImporter) -> (artifact id: 'b0c512ae73b697cb26ad8b3e27b14855') in 0.0300619 seconds
Number of updated asset objects reloaded before import = 0Number of asset objects unloaded after import = 3

========================================================================
Received Import Request.
  Time since last request: 0.013678 seconds.
  path: Assets/Plugin/UnityStandaloneFileBrowser-master/Images/win_import_1.jpg
  artifactKey: Guid(c751f1e25952e7d4ebc01c33575e898d) Importer(815301076,1909f56bfc062723c751e8b465ee728b)
Start importing Assets/Plugin/UnityStandaloneFileBrowser-master/Images/win_import_1.jpg using Guid(c751f1e25952e7d4ebc01c33575e898d) Importer(815301076,1909f56bfc062723c751e8b465ee728b) (PreviewImporter) -> (artifact id: '5446ba9f125689c0d8695fb8bd03e2eb') in 0.0256948 seconds
Number of updated asset objects reloaded before import = 0Number of asset objects unloaded after import = 3

========================================================================
Received Import Request.
  Time since last request: 0.000118 seconds.
  path: Assets/Plugin/UnityStandaloneFileBrowser-master/Images/win_import_2.jpg
  artifactKey: Guid(b94f9461c26ded4469bb442f09ca9b4e) Importer(815301076,1909f56bfc062723c751e8b465ee728b)
Start importing Assets/Plugin/UnityStandaloneFileBrowser-master/Images/win_import_2.jpg using Guid(b94f9461c26ded4469bb442f09ca9b4e) Importer(815301076,1909f56bfc062723c751e8b465ee728b) (PreviewImporter) -> (artifact id: 'a7fb93d52a76147102d1c52a89ceaf96') in 0.0223118 seconds
Number of updated asset objects reloaded before import = 0Number of asset objects unloaded after import = 3

========================================================================
Received Import Request.
  Time since last request: 1.178343 seconds.
  path: Assets/Prefabs/KeyBoardKeys/BlackKey.prefab
  artifactKey: Guid(30f179bcfc107e543879c5bdff026e68) Importer(815301076,1909f56bfc062723c751e8b465ee728b)
Start importing Assets/Prefabs/KeyBoardKeys/BlackKey.prefab using Guid(30f179bcfc107e543879c5bdff026e68) Importer(815301076,1909f56bfc062723c751e8b465ee728b) (PreviewImporter) -> (artifact id: 'a5f2a25696686b4372ad395169dff7c6') in 0.0024654 seconds
Number of updated asset objects reloaded before import = 0Number of asset objects unloaded after import = 9

========================================================================
Received Import Request.
  Time since last request: 5.125119 seconds.
  path: Assets/Prefabs/KeyBoardKeys/BlackKey.prefab
  artifactKey: Guid(30f179bcfc107e543879c5bdff026e68) Importer(815301076,1909f56bfc062723c751e8b465ee728b)
Start importing Assets/Prefabs/KeyBoardKeys/BlackKey.prefab using Guid(30f179bcfc107e543879c5bdff026e68) Importer(815301076,1909f56bfc062723c751e8b465ee728b) (PreviewImporter) -> (artifact id: 'd3e8483a6125d127d2a829483ef53670') in 0.0027644 seconds
Number of updated asset objects reloaded before import = 0Number of asset objects unloaded after import = 9

========================================================================
Received Prepare
Begin MonoManager ReloadAssembly
- Loaded All Assemblies, in  0.683 seconds
Refreshing native plugins compatible for Editor in 2.04 ms, found 4 plugins.
Native extension for Android target not found
Native extension for WindowsStandalone target not found
Mono: successfully reloaded assembly
- Finished resetting the current domain, in  0.751 seconds
Domain Reload Profiling: 1436ms
	BeginReloadAssembly (179ms)
		ExecutionOrderSort (0ms)
		DisableScriptedObjects (11ms)
		BackupInstance (0ms)
		ReleaseScriptingObjects (0ms)
		CreateAndSetChildDomain (46ms)
	RebuildCommonClasses (32ms)
	RebuildNativeTypeToScriptingClass (10ms)
	initialDomainReloadingComplete (26ms)
	LoadAllAssembliesAndSetupDomain (437ms)
		LoadAssemblies (319ms)
		RebuildTransferFunctionScriptingTraits (0ms)
		AnalyzeDomain (203ms)
			TypeCache.Refresh (7ms)
				TypeCache.ScanAssembly (0ms)
			BuildScriptInfoCaches (181ms)
			ResolveRequiredComponents (11ms)
	FinalizeReload (752ms)
		ReleaseScriptCaches (0ms)
		RebuildScriptCaches (0ms)
		SetupLoadedEditorAssemblies (577ms)
			LogAssemblyErrors (0ms)
			InitializePlatformSupportModulesInManaged (10ms)
			SetLoadedEditorAssemblies (4ms)
			BeforeProcessingInitializeOnLoad (63ms)
			ProcessInitializeOnLoadAttributes (422ms)
			ProcessInitializeOnLoadMethodAttributes (70ms)
			AfterProcessingInitializeOnLoad (8ms)
			EditorAssembliesLoaded (0ms)
		ExecutionOrderSort2 (0ms)
		AwakeInstancesAfterBackupRestoration (12ms)
Refreshing native plugins compatible for Editor in 2.62 ms, found 4 plugins.
Preloading 0 native plugins for Editor in 0.00 ms.
Unloading 13 Unused Serialized files (Serialized files now loaded: 0)
Unloading 6584 unused Assets / (4.5 MB). Loaded Objects now: 7299.
Memory consumption went from 155.2 MB to 150.7 MB.
Total: 7.915900 ms (FindLiveObjects: 0.572600 ms CreateObjectMapping: 0.547000 ms MarkObjects: 4.242000 ms  DeleteObjects: 2.553100 ms)

Prepare: number of updated asset objects reloaded= 0
========================================================================
Received Prepare
Begin MonoManager ReloadAssembly
- Loaded All Assemblies, in 20.405 seconds
Refreshing native plugins compatible for Editor in 29.35 ms, found 4 plugins.
Native extension for Android target not found
Native extension for WindowsStandalone target not found
Mono: successfully reloaded assembly
- Finished resetting the current domain, in 194.009 seconds
Domain Reload Profiling: 214405ms
	BeginReloadAssembly (11121ms)
		ExecutionOrderSort (0ms)
		DisableScriptedObjects (403ms)
		BackupInstance (0ms)
		ReleaseScriptingObjects (2ms)
		CreateAndSetChildDomain (1070ms)
	RebuildCommonClasses (577ms)
	RebuildNativeTypeToScriptingClass (187ms)
	initialDomainReloadingComplete (600ms)
	LoadAllAssembliesAndSetupDomain (7913ms)
		LoadAssemblies (8541ms)
		RebuildTransferFunctionScriptingTraits (0ms)
		AnalyzeDomain (2306ms)
			TypeCache.Refresh (68ms)
				TypeCache.ScanAssembly (0ms)
			BuildScriptInfoCaches (2102ms)
			ResolveRequiredComponents (110ms)
	FinalizeReload (194007ms)
		ReleaseScriptCaches (0ms)
		RebuildScriptCaches (0ms)
		SetupLoadedEditorAssemblies (34153ms)
			LogAssemblyErrors (0ms)
			InitializePlatformSupportModulesInManaged (30905ms)
			SetLoadedEditorAssemblies (18ms)
			BeforeProcessingInitializeOnLoad (302ms)
			ProcessInitializeOnLoadAttributes (2480ms)
			ProcessInitializeOnLoadMethodAttributes (394ms)
			AfterProcessingInitializeOnLoad (52ms)
			EditorAssembliesLoaded (1ms)
		ExecutionOrderSort2 (0ms)
		AwakeInstancesAfterBackupRestoration (56ms)
Refreshing native plugins compatible for Editor in 66.14 ms, found 4 plugins.
Preloading 0 native plugins for Editor in 0.00 ms.
Unloading 13 Unused Serialized files (Serialized files now loaded: 0)
Unloading 6584 unused Assets / (2.1 MB). Loaded Objects now: 7301.
Memory consumption went from 155.2 MB to 153.1 MB.
Total: 153.862300 ms (FindLiveObjects: 39.477800 ms CreateObjectMapping: 2.313200 ms MarkObjects: 99.048700 ms  DeleteObjects: 13.017800 ms)

Prepare: number of updated asset objects reloaded= 0
========================================================================
Received Prepare
Begin MonoManager ReloadAssembly
- Loaded All Assemblies, in 28.211 seconds
Refreshing native plugins compatible for Editor in 8.92 ms, found 4 plugins.
Native extension for Android target not found
Native extension for WindowsStandalone target not found
Mono: successfully reloaded assembly
- Finished resetting the current domain, in 10.720 seconds
Domain Reload Profiling: 38969ms
	BeginReloadAssembly (4238ms)
		ExecutionOrderSort (0ms)
		DisableScriptedObjects (321ms)
		BackupInstance (0ms)
		ReleaseScriptingObjects (15ms)
		CreateAndSetChildDomain (901ms)
	RebuildCommonClasses (755ms)
	RebuildNativeTypeToScriptingClass (101ms)
	initialDomainReloadingComplete (231ms)
	LoadAllAssembliesAndSetupDomain (22924ms)
		LoadAssemblies (20977ms)
		RebuildTransferFunctionScriptingTraits (0ms)
		AnalyzeDomain (4398ms)
			TypeCache.Refresh (179ms)
				TypeCache.ScanAssembly (40ms)
			BuildScriptInfoCaches (4018ms)
			ResolveRequiredComponents (172ms)
	FinalizeReload (10721ms)
		ReleaseScriptCaches (0ms)
		RebuildScriptCaches (0ms)
		SetupLoadedEditorAssemblies (7388ms)
			LogAssemblyErrors (0ms)
			InitializePlatformSupportModulesInManaged (144ms)
			SetLoadedEditorAssemblies (16ms)
			BeforeProcessingInitializeOnLoad (1790ms)
			ProcessInitializeOnLoadAttributes (4310ms)
			ProcessInitializeOnLoadMethodAttributes (1044ms)
			AfterProcessingInitializeOnLoad (83ms)
			EditorAssembliesLoaded (2ms)
		ExecutionOrderSort2 (0ms)
		AwakeInstancesAfterBackupRestoration (139ms)
Refreshing native plugins compatible for Editor in 11.65 ms, found 4 plugins.
Preloading 0 native plugins for Editor in 0.00 ms.
Unloading 13 Unused Serialized files (Serialized files now loaded: 0)
Unloading 6584 unused Assets / (2.1 MB). Loaded Objects now: 7303.
Memory consumption went from 155.2 MB to 153.1 MB.
Total: 450.900500 ms (FindLiveObjects: 7.307900 ms CreateObjectMapping: 5.917700 ms MarkObjects: 430.184300 ms  DeleteObjects: 7.485400 ms)

Prepare: number of updated asset objects reloaded= 0
========================================================================
Received Prepare
Begin MonoManager ReloadAssembly
- Loaded All Assemblies, in 867.811 seconds
Refreshing native plugins compatible for Editor in 633.49 ms, found 4 plugins.
Native extension for Android target not found
Native extension for WindowsStandalone target not found
